app/build/intermediates/manifest_merge_blame_file/debug/manifest-merger-blame-debug-report.txt
1<?xml version="1.0" encoding="utf-8"?>
2<manifest xmlns:android="http://schemas.android.com/apk/res/android"
3    package="com.example.commutersafety"
4    android:versionCode="1"
5    android:versionName="1.0" >
6
7    <uses-sdk
8        android:minSdkVersion="16"
8-->src\main\AndroidManifest.xml
9        android:targetSdkVersion="29" />
9-->src\main\AndroidManifest.xml
10
11    <uses-permission android:name="android.permission.CAMERA" />
11-->src\main\AndroidManifest.xml:43:5-65
11-->src\main\AndroidManifest.xml:43:22-62
12    <uses-permission android:name="android.permission.INTERNET" />
12-->src\main\AndroidManifest.xml:44:5-67
12-->src\main\AndroidManifest.xml:44:22-64
13    <uses-permission android:name="android.permission.READ_EXTERNAL_STORAGE" />
13-->src\main\AndroidManifest.xml:45:5-80
13-->src\main\AndroidManifest.xml:45:22-77
14    <uses-permission android:name="android.permission.WRITE_EXTERNAL_STORAGE" />
14-->src\main\AndroidManifest.xml:46:5-81
14-->src\main\AndroidManifest.xml:46:22-78
15    <uses-permission android:name="android.permission.ACCESS_FINE_LOCATION" />
15-->src\main\AndroidManifest.xml:47:5-79
15-->src\main\AndroidManifest.xml:47:22-76
16    <uses-permission android:name="android.permission.ACCESS_NETWORK_STATE" />
16-->src\main\AndroidManifest.xml:48:5-79
16-->src\main\AndroidManifest.xml:48:22-76
17    <uses-permission android:name="android.permission.ACCESS_COARSE_LOCATION" />
17-->src\main\AndroidManifest.xml:49:5-81
17-->src\main\AndroidManifest.xml:49:22-78
18    <uses-permission android:name="android.permission.SEND_SMS" />
18-->src\main\AndroidManifest.xml:50:5-67
18-->src\main\AndroidManifest.xml:50:22-64
19    <uses-permission android:name="android.permission.READ_EXTERNAL_STORAGE" />
19-->src\main\AndroidManifest.xml:45:5-80
19-->src\main\AndroidManifest.xml:45:22-77
20
21    <uses-feature
21-->[com.google.android.gms:play-services-maps:17.0.0] AndroidManifest.xml:26:5-28:35
22        android:glEsVersion="0x00020000"
22-->[com.google.android.gms:play-services-maps:17.0.0] AndroidManifest.xml:27:9-41
23        android:required="true" />
23-->[com.google.android.gms:play-services-maps:17.0.0] AndroidManifest.xml:28:9-32
24
25    <application
25-->src\main\AndroidManifest.xml:5:5-42:19
26        android:name="androidx.multidex.MultiDexApplication"
27        android:allowBackup="true"
27-->src\main\AndroidManifest.xml:6:9-35
28        android:appComponentFactory="androidx.core.app.CoreComponentFactory"
28-->[androidx.core:core:1.1.0] AndroidManifest.xml:24:18-86
29        android:debuggable="true"
30        android:icon="@mipmap/ic_launcher"
30-->src\main\AndroidManifest.xml:7:9-43
31        android:label="@string/app_name"
31-->src\main\AndroidManifest.xml:8:9-41
32        android:roundIcon="@mipmap/ic_launcher_round"
32-->src\main\AndroidManifest.xml:9:9-54
33        android:supportsRtl="true"
33-->src\main\AndroidManifest.xml:10:9-35
34        android:testOnly="true"
35        android:theme="@style/AppTheme" >
35-->src\main\AndroidManifest.xml:11:9-40
36        <activity android:name="com.example.commutersafety.Signup" />
36-->src\main\AndroidManifest.xml:12:9-53
36-->src\main\AndroidManifest.xml:12:19-41
37        <activity android:name="com.example.commutersafety.Login" />
37-->src\main\AndroidManifest.xml:13:9-43
37-->src\main\AndroidManifest.xml:13:19-40
38        <activity android:name="com.example.commutersafety.MarkZone" />
38-->src\main\AndroidManifest.xml:14:9-46
38-->src\main\AndroidManifest.xml:14:19-43
39        <activity android:name="com.example.commutersafety.ZoneView" />
39-->src\main\AndroidManifest.xml:15:9-46
39-->src\main\AndroidManifest.xml:15:19-43
40        <!--
41             The API key for Google Maps-based APIs is defined as a string resource.
42             (See the file "res/values/google_maps_api.xml").
43             Note that the API key is linked to the encryption key used to sign the APK.
44             You need a different API key for each encryption key, including the release key that is used to
45             sign the APK for publishing.
46             You can define the keys for the debug and release targets in src/debug/ and src/release/.
47        -->
48        <activity
48-->src\main\AndroidManifest.xml:24:9-26:59
49            android:name="com.example.commutersafety.MapsActivity"
49-->src\main\AndroidManifest.xml:25:13-41
50            android:label="@string/title_activity_maps" />
50-->src\main\AndroidManifest.xml:26:13-56
51        <activity android:name="com.example.commutersafety.SplashScreen" >
51-->src\main\AndroidManifest.xml:27:9-33:20
51-->src\main\AndroidManifest.xml:27:19-47
52            <intent-filter>
52-->src\main\AndroidManifest.xml:28:13-32:29
53                <action android:name="android.intent.action.MAIN" />
53-->src\main\AndroidManifest.xml:29:17-69
53-->src\main\AndroidManifest.xml:29:25-66
54
55                <category android:name="android.intent.category.LAUNCHER" />
55-->src\main\AndroidManifest.xml:31:17-77
55-->src\main\AndroidManifest.xml:31:27-74
56            </intent-filter>
57        </activity>
58        <activity android:name="com.example.commutersafety.MainActivity" />
58-->src\main\AndroidManifest.xml:34:9-50
58-->src\main\AndroidManifest.xml:34:19-47
59
60        <meta-data
60-->src\main\AndroidManifest.xml:36:9-38:55
61            android:name="com.google.android.geo.API_KEY"
61-->src\main\AndroidManifest.xml:37:13-58
62            android:value="@string/google_maps_key" />
62-->src\main\AndroidManifest.xml:38:13-52
63        <meta-data
63-->src\main\AndroidManifest.xml:39:9-41:57
64            android:name="preloaded_fonts"
64-->src\main\AndroidManifest.xml:40:13-43
65            android:resource="@array/preloaded_fonts" />
65-->src\main\AndroidManifest.xml:41:13-54
66
67        <activity
67-->[com.google.firebase:firebase-auth:19.1.0] AndroidManifest.xml:24:9-31:50
68            android:name="com.google.firebase.auth.internal.FederatedSignInActivity"
68-->[com.google.firebase:firebase-auth:19.1.0] AndroidManifest.xml:25:13-85
69            android:excludeFromRecents="true"
69-->[com.google.firebase:firebase-auth:19.1.0] AndroidManifest.xml:26:13-46
70            android:exported="true"
70-->[com.google.firebase:firebase-auth:19.1.0] AndroidManifest.xml:27:13-36
71            android:launchMode="singleTask"
71-->[com.google.firebase:firebase-auth:19.1.0] AndroidManifest.xml:28:13-44
72            android:permission="com.google.firebase.auth.api.gms.permission.LAUNCH_FEDERATED_SIGN_IN"
72-->[com.google.firebase:firebase-auth:19.1.0] AndroidManifest.xml:29:13-102
73            android:theme="@android:style/Theme.Translucent.NoTitleBar" />
73-->[com.google.firebase:firebase-auth:19.1.0] AndroidManifest.xml:30:13-72
74
75        <service
75-->[com.google.firebase:firebase-auth:19.1.0] AndroidManifest.xml:33:9-39:19
76            android:name="com.google.firebase.components.ComponentDiscoveryService"
76-->[com.google.firebase:firebase-auth:19.1.0] AndroidManifest.xml:34:13-84
77            android:directBootAware="true"
77-->[com.google.firebase:firebase-common:19.1.0] AndroidManifest.xml:14:13-43
78            android:exported="false" >
78-->[com.google.firebase:firebase-auth:19.1.0] AndroidManifest.xml:35:13-37
79            <meta-data
79-->[com.google.firebase:firebase-auth:19.1.0] AndroidManifest.xml:36:13-38:85
80                android:name="com.google.firebase.components:com.google.firebase.auth.FirebaseAuthRegistrar"
80-->[com.google.firebase:firebase-auth:19.1.0] AndroidManifest.xml:37:17-109
81                android:value="com.google.firebase.components.ComponentRegistrar" />
81-->[com.google.firebase:firebase-auth:19.1.0] AndroidManifest.xml:38:17-82
82            <meta-data
82-->[com.google.firebase:firebase-firestore:21.1.1] AndroidManifest.xml:20:13-22:85
83                android:name="com.google.firebase.components:com.google.firebase.firestore.FirestoreRegistrar"
83-->[com.google.firebase:firebase-firestore:21.1.1] AndroidManifest.xml:21:17-111
84                android:value="com.google.firebase.components.ComponentRegistrar" />
84-->[com.google.firebase:firebase-firestore:21.1.1] AndroidManifest.xml:22:17-82
85            <meta-data
85-->[com.google.firebase:firebase-database:19.0.0] AndroidManifest.xml:32:13-34:85
86                android:name="com.google.firebase.components:com.google.firebase.database.DatabaseRegistrar"
86-->[com.google.firebase:firebase-database:19.0.0] AndroidManifest.xml:33:17-109
87                android:value="com.google.firebase.components.ComponentRegistrar" />
87-->[com.google.firebase:firebase-database:19.0.0] AndroidManifest.xml:34:17-82
88            <meta-data
88-->[com.google.firebase:firebase-storage:17.0.0] AndroidManifest.xml:31:13-33:85
89                android:name="com.google.firebase.components:com.google.firebase.storage.StorageRegistrar"
89-->[com.google.firebase:firebase-storage:17.0.0] AndroidManifest.xml:32:17-107
90                android:value="com.google.firebase.components.ComponentRegistrar" />
90-->[com.google.firebase:firebase-storage:17.0.0] AndroidManifest.xml:33:17-82
91        </service> <!-- Needs to be explicitly declared on P+ -->
92        <uses-library
92-->[com.google.android.gms:play-services-maps:17.0.0] AndroidManifest.xml:33:9-35:40
93            android:name="org.apache.http.legacy"
93-->[com.google.android.gms:play-services-maps:17.0.0] AndroidManifest.xml:34:13-50
94            android:required="false" />
94-->[com.google.android.gms:play-services-maps:17.0.0] AndroidManifest.xml:35:13-37
95
96        <activity
96-->[com.google.android.gms:play-services-auth:17.0.0] AndroidManifest.xml:23:9-27:75
97            android:name="com.google.android.gms.auth.api.signin.internal.SignInHubActivity"
97-->[com.google.android.gms:play-services-auth:17.0.0] AndroidManifest.xml:24:13-93
98            android:excludeFromRecents="true"
98-->[com.google.android.gms:play-services-auth:17.0.0] AndroidManifest.xml:25:13-46
99            android:exported="false"
99-->[com.google.android.gms:play-services-auth:17.0.0] AndroidManifest.xml:26:13-37
100            android:theme="@android:style/Theme.Translucent.NoTitleBar" />
100-->[com.google.android.gms:play-services-auth:17.0.0] AndroidManifest.xml:27:13-72
101        <!--
102            Service handling Google Sign-In user revocation. For apps that do not integrate with
103            Google Sign-In, this service will never be started.
104        -->
105        <service
105-->[com.google.android.gms:play-services-auth:17.0.0] AndroidManifest.xml:33:9-36:110
106            android:name="com.google.android.gms.auth.api.signin.RevocationBoundService"
106-->[com.google.android.gms:play-services-auth:17.0.0] AndroidManifest.xml:34:13-89
107            android:exported="true"
107-->[com.google.android.gms:play-services-auth:17.0.0] AndroidManifest.xml:35:13-36
108            android:permission="com.google.android.gms.auth.api.signin.permission.REVOCATION_NOTIFICATION" />
108-->[com.google.android.gms:play-services-auth:17.0.0] AndroidManifest.xml:36:13-107
109
110        <activity
110-->[com.google.android.gms:play-services-base:17.1.0] AndroidManifest.xml:23:9-26:75
111            android:name="com.google.android.gms.common.api.GoogleApiActivity"
111-->[com.google.android.gms:play-services-base:17.1.0] AndroidManifest.xml:24:13-79
112            android:exported="false"
112-->[com.google.android.gms:play-services-base:17.1.0] AndroidManifest.xml:25:13-37
113            android:theme="@android:style/Theme.Translucent.NoTitleBar" />
113-->[com.google.android.gms:play-services-base:17.1.0] AndroidManifest.xml:26:13-72
114
115        <provider
115-->[com.google.firebase:firebase-common:19.1.0] AndroidManifest.xml:17:9-21:39
116            android:name="com.google.firebase.provider.FirebaseInitProvider"
116-->[com.google.firebase:firebase-common:19.1.0] AndroidManifest.xml:18:13-77
117            android:authorities="com.example.commutersafety.firebaseinitprovider"
117-->[com.google.firebase:firebase-common:19.1.0] AndroidManifest.xml:19:13-72
118            android:exported="false"
118-->[com.google.firebase:firebase-common:19.1.0] AndroidManifest.xml:20:13-37
119            android:initOrder="100" />
119-->[com.google.firebase:firebase-common:19.1.0] AndroidManifest.xml:21:13-36
120
121        <meta-data
121-->[com.google.android.gms:play-services-basement:17.0.0] AndroidManifest.xml:23:9-25:69
122            android:name="com.google.android.gms.version"
122-->[com.google.android.gms:play-services-basement:17.0.0] AndroidManifest.xml:24:13-58
123            android:value="@integer/google_play_services_version" />
123-->[com.google.android.gms:play-services-basement:17.0.0] AndroidManifest.xml:25:13-66
124
125        <provider
125-->[androidx.lifecycle:lifecycle-process:2.0.0] AndroidManifest.xml:23:9-27:43
126            android:name="androidx.lifecycle.ProcessLifecycleOwnerInitializer"
126-->[androidx.lifecycle:lifecycle-process:2.0.0] AndroidManifest.xml:24:13-79
127            android:authorities="com.example.commutersafety.lifecycle-process"
127-->[androidx.lifecycle:lifecycle-process:2.0.0] AndroidManifest.xml:25:13-69
128            android:exported="false"
128-->[androidx.lifecycle:lifecycle-process:2.0.0] AndroidManifest.xml:26:13-37
129            android:multiprocess="true" />
129-->[androidx.lifecycle:lifecycle-process:2.0.0] AndroidManifest.xml:27:13-40
130    </application>
131
132</manifest>